<?xml version="1.0" encoding="UTF-8"?>
<testsuite xmlns:xsi="http://www.w3.org/2001/XMLSchema-instance" xsi:noNamespaceSchemaLocation="https://maven.apache.org/surefire/maven-surefire-plugin/xsd/surefire-test-report-3.0.xsd" version="3.0" name="com.example.LionTest" time="0.185" tests="7" errors="0" skipped="0" failures="0">
  <properties>
[...]
</properties>
  <testcase name="testDoesHaveMane(String, boolean)[1]" classname="com.example.LionTest" time="0.036"/>
  <testcase name="testDoesHaveMane(String, boolean)[2]" classname="com.example.LionTest" time="0.003"/>
  <testcase name="testGetFood(String, String)[1]" classname="com.example.LionTest" time="0.009"/>
  <testcase name="testGetFood(String, String)[2]" classname="com.example.LionTest" time="0.004"/>
  <testcase name="testGetKittens(int)[1]" classname="com.example.LionTest" time="0.003"/>
  <testcase name="testGetKittens(int)[2]" classname="com.example.LionTest" time="0.003"/>
  <testcase name="testInvalidSex" classname="com.example.LionTest" time="0.003"/>
</testsuite>